DEBUG:root:Order:2 3 10.0
DEBUG:root:Finish turn

DEBUG:root:Order:2 4 10.0
DEBUG:root:Finish turn

DEBUG:root:Order:2 19 15.0
DEBUG:root:Finish turn

DEBUG:root:Order:2 20 15.0
DEBUG:root:Order:2 4 37
DEBUG:root:Finish turn

DEBUG:root:Order:2 15 20.0
DEBUG:root:Bad order:4 3.0 8
DEBUG:root:Finish turn

DEBUG:root:Order:4 16 20.0
DEBUG:root:Order:2 4 3
DEBUG:root:Finish turn

DEBUG:root:Order:2 4 2
DEBUG:root:Finish turn

DEBUG:root:Order:4 0 26.0
DEBUG:root:Order:2 19 15
DEBUG:root:Order:2 4 6
DEBUG:root:Finish turn

DEBUG:root:Order:2 19 2
DEBUG:root:Order:2 4 1
DEBUG:root:Finish turn

DEBUG:root:Order:2 19 2
DEBUG:root:Order:2 4 1
DEBUG:root:Finish turn

DEBUG:root:Order:2 19 1
DEBUG:root:Order:2 4 2
DEBUG:root:Finish turn

DEBUG:root:Order:2 15 9
DEBUG:root:Order:4 15 8
DEBUG:root:Order:19 15 5
DEBUG:root:Finish turn

DEBUG:root:Order:2 15 1
DEBUG:root:Order:2 19 1
DEBUG:root:Order:2 4 2
DEBUG:root:Finish turn

DEBUG:root:Order:2 19 1
DEBUG:root:Order:4 19 1
DEBUG:root:Finish turn

DEBUG:root:Order:2 19 1
DEBUG:root:Order:2 4 2
DEBUG:root:Finish turn

DEBUG:root:Order:2 19 1
DEBUG:root:Finish turn

DEBUG:root:Order:2 19 2
DEBUG:root:Finish turn

DEBUG:root:Order:2 19 3
DEBUG:root:Order:2 4 1
DEBUG:root:Finish turn

DEBUG:root:Order:2 19 1
DEBUG:root:Order:2 4 1
DEBUG:root:Order:15 4 1
DEBUG:root:Finish turn

DEBUG:root:Order:15 9 40.0
DEBUG:root:Order:2 15 11
DEBUG:root:Order:4 15 10
DEBUG:root:Order:19 15 7
DEBUG:root:Finish turn

DEBUG:root:Order:2 0 11
DEBUG:root:Order:4 0 8
DEBUG:root:Order:15 0 7
DEBUG:root:Order:19 0 7
DEBUG:root:Finish turn

DEBUG:root:Order:2 19 1
DEBUG:root:Order:2 4 2
DEBUG:root:Finish turn

DEBUG:root:Order:2 19 1
DEBUG:root:Finish turn

DEBUG:root:Order:2 19 2
DEBUG:root:Finish turn

DEBUG:root:Order:2 19 3
DEBUG:root:Order:2 4 1
DEBUG:root:Finish turn

DEBUG:root:Order:2 19 1
DEBUG:root:Order:2 4 1
DEBUG:root:Order:15 4 1
DEBUG:root:Finish turn

DEBUG:root:Order:2 19 8
DEBUG:root:Order:4 19 7
DEBUG:root:Order:15 19 7
DEBUG:root:Finish turn

DEBUG:root:Order:2 19 2
DEBUG:root:Order:2 4 2
DEBUG:root:Finish turn

DEBUG:root:Finish turn

DEBUG:root:Order:2 19 3
DEBUG:root:Order:15 19 1
DEBUG:root:Finish turn

DEBUG:root:Order:2 19 1
DEBUG:root:Order:2 4 2
DEBUG:root:Finish turn

DEBUG:root:Order:19 5 46.0
DEBUG:root:Order:2 19 14
DEBUG:root:Order:4 19 13
DEBUG:root:Order:15 19 9
DEBUG:root:Order:15 0 4
DEBUG:root:Finish turn

DEBUG:root:Order:2 19 1
DEBUG:root:Order:2 4 2
DEBUG:root:Finish turn

DEBUG:root:Order:2 0 3
DEBUG:root:Order:4 0 2
DEBUG:root:Order:15 0 1
DEBUG:root:Order:15 19 2
DEBUG:root:Finish turn

DEBUG:root:Order:2 9 14
DEBUG:root:Order:4 9 11
DEBUG:root:Order:15 9 11
DEBUG:root:Order:19 9 11
DEBUG:root:Order:0 9 9
DEBUG:root:Finish turn

DEBUG:root:Order:2 0 1
DEBUG:root:Order:2 4 2
DEBUG:root:Finish turn

DEBUG:root:Order:2 19 3
DEBUG:root:Order:4 19 2
DEBUG:root:Order:15 19 2
DEBUG:root:Finish turn

DEBUG:root:Order:2 19 3
DEBUG:root:Order:2 0 1
DEBUG:root:Finish turn

DEBUG:root:Order:2 0 2
DEBUG:root:Order:2 19 2
DEBUG:root:Finish turn

DEBUG:root:Order:15 5 13
DEBUG:root:Order:2 5 11
DEBUG:root:Order:4 5 10
DEBUG:root:Order:9 5 10
DEBUG:root:Order:0 5 9
DEBUG:root:Order:19 5 9
DEBUG:root:Finish turn

DEBUG:root:Order:2 0 1
DEBUG:root:Order:2 19 1
DEBUG:root:Order:2 4 2
DEBUG:root:Order:5 4 2
DEBUG:root:Finish turn

DEBUG:root:Order:4 0 2
DEBUG:root:Order:4 19 2
DEBUG:root:Finish turn

DEBUG:root:Order:5 0 2
DEBUG:root:Order:5 4 2
DEBUG:root:Order:5 19 2
DEBUG:root:Finish turn

DEBUG:root:Order:2 0 2
DEBUG:root:Order:2 19 2
DEBUG:root:Order:2 4 1
DEBUG:root:Finish turn

DEBUG:root:Order:5 0 6
DEBUG:root:Order:2 0 5
DEBUG:root:Order:15 0 4
DEBUG:root:Order:4 0 2
DEBUG:root:Order:19 0 1
DEBUG:root:Finish turn

DEBUG:root:Order:2 9 4
DEBUG:root:Order:5 9 4
DEBUG:root:Order:15 9 2
DEBUG:root:Order:4 9 1
DEBUG:root:Order:4 0 1
DEBUG:root:Finish turn

DEBUG:root:Order:2 0 3
DEBUG:root:Order:5 0 1
DEBUG:root:Order:5 4 3
DEBUG:root:Order:15 4 1
DEBUG:root:Finish turn

DEBUG:root:Order:5 11 54.0
DEBUG:root:Order:2 5 10
DEBUG:root:Order:4 5 10
DEBUG:root:Order:15 5 8
DEBUG:root:Order:9 5 6
DEBUG:root:Order:0 5 5
DEBUG:root:Order:19 5 5
DEBUG:root:Finish turn

DEBUG:root:Order:2 0 1
DEBUG:root:Order:2 19 1
DEBUG:root:Order:2 4 2
DEBUG:root:Order:5 4 1
DEBUG:root:Finish turn

DEBUG:root:Order:5 0 2
DEBUG:root:Order:5 19 2
DEBUG:root:Order:5 9 1
DEBUG:root:Finish turn

DEBUG:root:Order:2 0 2
DEBUG:root:Order:2 19 2
DEBUG:root:Order:2 9 1
DEBUG:root:Finish turn

DEBUG:root:Order:5 0 1
DEBUG:root:Order:5 19 1
DEBUG:root:Order:5 9 2
DEBUG:root:Order:15 9 1
DEBUG:root:Finish turn

DEBUG:root:Order:2 0 2
DEBUG:root:Order:2 19 2
DEBUG:root:Order:2 4 2
DEBUG:root:Order:9 4 1
DEBUG:root:Finish turn

DEBUG:root:Order:5 0 2
DEBUG:root:Order:5 19 2
DEBUG:root:Order:5 2 1
DEBUG:root:Order:5 9 2
DEBUG:root:Order:4 9 1
DEBUG:root:Finish turn

DEBUG:root:Order:5 13 62.0
DEBUG:root:Order:2 11 22
DEBUG:root:Order:9 11 22
DEBUG:root:Order:15 11 21
DEBUG:root:Order:4 11 12
DEBUG:root:Order:4 5 20
DEBUG:root:Order:0 5 18
DEBUG:root:Order:19 5 5
DEBUG:root:Finish turn

DEBUG:root:Order:19 4 11
DEBUG:root:Order:2 4 2
DEBUG:root:Order:2 9 1
DEBUG:root:Finish turn

DEBUG:root:Order:2 19 1
DEBUG:root:Order:2 4 1
DEBUG:root:Order:11 4 1
DEBUG:root:Finish turn

DEBUG:root:Order:2 19 1
DEBUG:root:Order:11 19 1
DEBUG:root:Order:11 9 1
DEBUG:root:Finish turn

DEBUG:root:Order:2 0 12
DEBUG:root:Order:11 0 10
DEBUG:root:Order:15 0 10
DEBUG:root:Order:4 0 9
DEBUG:root:Order:9 0 8
DEBUG:root:Order:19 0 7
DEBUG:root:Finish turn

DEBUG:root:Order:11 14 62.0
DEBUG:root:Order:2 11 12
DEBUG:root:Order:15 11 10
DEBUG:root:Order:4 11 9
DEBUG:root:Order:9 11 9
DEBUG:root:Order:19 11 8
DEBUG:root:Order:0 11 2
DEBUG:root:Finish turn

DEBUG:root:Order:2 0 1
DEBUG:root:Order:2 19 1
DEBUG:root:Order:2 4 2
DEBUG:root:Finish turn

DEBUG:root:Order:11 0 2
DEBUG:root:Order:11 19 2
DEBUG:root:Order:11 9 1
DEBUG:root:Finish turn

DEBUG:root:Order:2 0 1
DEBUG:root:Order:2 11 1
DEBUG:root:Order:2 19 1
DEBUG:root:Order:2 9 3
DEBUG:root:Order:15 9 1
DEBUG:root:Finish turn

DEBUG:root:Order:9 0 2
DEBUG:root:Order:9 19 2
DEBUG:root:Order:9 2 2
DEBUG:root:Finish turn

DEBUG:root:Order:11 7 51.0
DEBUG:root:Order:2 11 11
DEBUG:root:Order:15 11 8
DEBUG:root:Order:4 11 6
DEBUG:root:Order:0 11 5
DEBUG:root:Order:19 11 5
DEBUG:root:Order:9 11 3
DEBUG:root:Finish turn

DEBUG:root:Order:2 11 2
DEBUG:root:Order:2 0 1
DEBUG:root:Order:2 19 1
DEBUG:root:Finish turn

DEBUG:root:Order:2 0 1
DEBUG:root:Order:2 19 1
DEBUG:root:Order:2 4 1
DEBUG:root:Order:11 4 1
DEBUG:root:Order:15 4 1
DEBUG:root:Finish turn

DEBUG:root:Order:4 19 1
DEBUG:root:Order:11 19 1
DEBUG:root:Order:11 9 1
DEBUG:root:Finish turn

DEBUG:root:Order:2 19 2
DEBUG:root:Order:2 9 1
DEBUG:root:Order:2 4 2
DEBUG:root:Finish turn

DEBUG:root:Order:11 8 64.0
DEBUG:root:Order:4 11 19
DEBUG:root:Order:15 11 19
DEBUG:root:Order:2 11 5
DEBUG:root:Order:2 19 18
DEBUG:root:Order:9 19 15
DEBUG:root:Finish turn

DEBUG:root:Order:9 14 14
DEBUG:root:Order:11 14 13
DEBUG:root:Order:15 14 13
DEBUG:root:Order:4 14 12
DEBUG:root:Order:2 14 10
DEBUG:root:Order:19 14 10
DEBUG:root:Finish turn

DEBUG:root:Order:2 0 6
DEBUG:root:Order:14 0 5
DEBUG:root:Order:15 0 4
DEBUG:root:Order:4 0 3
DEBUG:root:Order:9 0 3
DEBUG:root:Order:19 0 2
DEBUG:root:Finish turn

DEBUG:root:Order:2 9 9
DEBUG:root:Bad order:14 4.0 7
DEBUG:root:Bad order:14 4.0 8
DEBUG:root:Order:15 4 7
DEBUG:root:Order:19 4 5
DEBUG:root:Order:0 4 1
DEBUG:root:Finish turn

DEBUG:root:Order:14 9 8
DEBUG:root:Bad order:14 0.0 2
DEBUG:root:Bad order:14 0.0 1
DEBUG:root:Bad order:14 0.0 1
DEBUG:root:Finish turn

DEBUG:root:Order:11 0 4
DEBUG:root:Order:11 4 4
DEBUG:root:Order:11 19 4
DEBUG:root:Order:11 9 2
DEBUG:root:Bad order:11 1.0 11
DEBUG:root:Order:2 15 3
DEBUG:root:Order:14 15 1
DEBUG:root:Finish turn

DEBUG:root:Order:13 0 4
DEBUG:root:Order:13 19 4
DEBUG:root:Order:13 9 3
DEBUG:root:Order:13 11 3
DEBUG:root:Finish turn

DEBUG:root:Order:2 0 1
DEBUG:root:Order:2 13 1
DEBUG:root:Order:2 19 1
DEBUG:root:Order:2 9 3
DEBUG:root:Order:15 9 2
DEBUG:root:Order:11 9 1
DEBUG:root:Finish turn

DEBUG:root:Order:19 18 42.0
DEBUG:root:Bad order:9 19.0 20
DEBUG:root:Order:11 8 17
DEBUG:root:Order:13 8 16
DEBUG:root:Order:15 8 16
DEBUG:root:Order:2 8 15
DEBUG:root:Order:0 8 5
DEBUG:root:Order:0 19 13
DEBUG:root:Finish turn

DEBUG:root:Order:9 19 17
DEBUG:root:Bad order:9 5.0 6
DEBUG:root:Order:9 8 2
DEBUG:root:Finish turn

DEBUG:root:Order:2 4 6
DEBUG:root:Order:11 4 3
DEBUG:root:Order:11 0 4
DEBUG:root:Order:13 0 2
DEBUG:root:Order:13 8 4
DEBUG:root:Order:15 8 2
DEBUG:root:Finish turn

DEBUG:root:Bad order:14 17.0 34
DEBUG:root:Bad order:8 4.0 5
DEBUG:root:Order:2 15 4
DEBUG:root:Order:13 15 1
DEBUG:root:Finish turn

DEBUG:root:Order:14 17 35.0
DEBUG:root:Order:8 15 7
DEBUG:root:Order:2 15 6
DEBUG:root:Order:11 15 5
DEBUG:root:Order:13 15 5
DEBUG:root:Order:14 15 4
DEBUG:root:Order:4 15 3
DEBUG:root:Order:0 15 1
DEBUG:root:Order:19 15 1
DEBUG:root:Finish turn

DEBUG:root:Order:2 15 2
DEBUG:root:Order:11 15 1
DEBUG:root:Order:13 15 1
DEBUG:root:Order:14 15 1
DEBUG:root:Order:14 8 1
DEBUG:root:Order:14 19 1
DEBUG:root:Order:14 4 1
DEBUG:root:Finish turn

DEBUG:root:Order:2 4 5
DEBUG:root:Order:11 4 4
DEBUG:root:Order:13 4 4
DEBUG:root:Order:15 4 2
DEBUG:root:Order:14 4 1
DEBUG:root:Finish turn

DEBUG:root:Order:2 7 5
DEBUG:root:Order:11 7 4
DEBUG:root:Order:13 7 4
DEBUG:root:Order:14 7 4
DEBUG:root:Order:15 7 3
DEBUG:root:Order:4 7 2
DEBUG:root:Order:19 7 1
DEBUG:root:Finish turn

DEBUG:root:Order:2 7 2
DEBUG:root:Order:11 7 1
DEBUG:root:Order:13 7 1
DEBUG:root:Order:14 7 1
DEBUG:root:Finish turn

DEBUG:root:Order:2 0 7
DEBUG:root:Order:11 0 6
DEBUG:root:Order:13 0 6
DEBUG:root:Order:14 0 6
DEBUG:root:Order:15 0 5
DEBUG:root:Order:4 0 3
DEBUG:root:Order:7 0 1
DEBUG:root:Order:19 0 1
DEBUG:root:Finish turn

DEBUG:root:Order:15 21 33.0
DEBUG:root:Order:2 17 11
DEBUG:root:Order:11 17 10
DEBUG:root:Order:13 17 7
DEBUG:root:Order:13 15 10
DEBUG:root:Order:14 15 10
DEBUG:root:Order:7 15 3
DEBUG:root:Order:7 4 6
DEBUG:root:Finish turn

DEBUG:root:Order:19 8 10
DEBUG:root:Order:2 8 7
DEBUG:root:Order:11 8 6
DEBUG:root:Order:14 8 6
DEBUG:root:Order:17 8 1
DEBUG:root:Order:17 18 6
DEBUG:root:Order:15 18 4
DEBUG:root:Order:0 18 3
DEBUG:root:Order:4 18 3
DEBUG:root:Finish turn

DEBUG:root:Order:2 13 7
DEBUG:root:Order:11 13 6
DEBUG:root:Order:14 13 6
DEBUG:root:Order:17 13 6
DEBUG:root:Order:15 13 5
DEBUG:root:Order:4 13 4
DEBUG:root:Bad order:0 2.0 3
DEBUG:root:Order:18 13 3
DEBUG:root:Order:19 13 3
DEBUG:root:Order:8 13 2
DEBUG:root:Finish turn

DEBUG:root:Bad order:2 9.0 10
DEBUG:root:Order:17 11 10
DEBUG:root:Order:18 11 10
DEBUG:root:Bad order:0 4.0 9
DEBUG:root:Order:14 11 9
DEBUG:root:Order:15 11 8
DEBUG:root:Order:8 11 6
DEBUG:root:Order:13 11 6
DEBUG:root:Finish turn

DEBUG:root:Order:2 11 12
DEBUG:root:Bad order:2 2.0 11
DEBUG:root:Order:2 8 1
DEBUG:root:Finish turn

DEBUG:root:Order:0 19 4
DEBUG:root:Order:17 19 3
DEBUG:root:Order:18 19 3
DEBUG:root:Order:13 19 1
DEBUG:root:Order:14 19 1
DEBUG:root:Finish turn

DEBUG:root:Order:2 8 2
DEBUG:root:Order:17 8 2
DEBUG:root:Order:18 8 1
DEBUG:root:Order:18 19 2
DEBUG:root:Order:13 19 1
DEBUG:root:Order:14 19 1
DEBUG:root:Order:14 0 1
DEBUG:root:Finish turn

DEBUG:root:Order:18 22 33.0
DEBUG:root:Order:2 18 5
DEBUG:root:Order:17 18 5
DEBUG:root:Order:11 18 4
DEBUG:root:Order:13 18 4
DEBUG:root:Order:14 18 3
DEBUG:root:Finish turn

DEBUG:root:Order:2 18 2
DEBUG:root:Order:17 18 2
DEBUG:root:Order:11 18 1
DEBUG:root:Order:11 0 1
DEBUG:root:Order:11 8 1
DEBUG:root:Order:11 19 1
DEBUG:root:Finish turn

DEBUG:root:Order:2 0 2
DEBUG:root:Order:2 8 2
DEBUG:root:Order:2 19 2
DEBUG:root:Order:2 11 1
DEBUG:root:Finish turn

DEBUG:root:Order:13 2 2
DEBUG:root:Order:14 2 1
DEBUG:root:Order:14 8 2
DEBUG:root:Order:18 8 1
DEBUG:root:Order:18 11 2
DEBUG:root:Finish turn

DEBUG:root:Order:11 22 15
DEBUG:root:Order:13 22 14
DEBUG:root:Order:18 22 12
DEBUG:root:Order:18 2 14
DEBUG:root:Order:14 2 13
DEBUG:root:Finish turn

DEBUG:root:Order:8 0 11
DEBUG:root:Order:2 0 4
DEBUG:root:Order:11 0 4
DEBUG:root:Order:14 0 1
DEBUG:root:Order:14 18 4
DEBUG:root:Order:22 18 2
DEBUG:root:Finish turn

DEBUG:root:Order:2 14 12
DEBUG:root:Order:11 14 11
DEBUG:root:Bad order:22 5.0 10
DEBUG:root:Order:8 14 8
DEBUG:root:Order:0 14 7
DEBUG:root:Finish turn

DEBUG:root:Order:21 14 12
DEBUG:root:Order:21 0 4
DEBUG:root:Order:21 8 4
DEBUG:root:Order:21 11 1
DEBUG:root:Bad order:21 1.0 14
DEBUG:root:Order:22 2 7
DEBUG:root:Finish turn

DEBUG:root:Order:11 21 16
DEBUG:root:Order:14 21 16
DEBUG:root:Order:22 21 16
DEBUG:root:Bad order:0 6.0 12
DEBUG:root:Bad order:0 6.0 13
DEBUG:root:Order:8 19 13
DEBUG:root:Finish turn

DEBUG:root:Bad order:0 7.0 11
DEBUG:root:Order:11 21 1
DEBUG:root:Order:14 21 1
DEBUG:root:Finish turn

DEBUG:root:Order:0 21 10
DEBUG:root:Bad order:0 2.0 5
DEBUG:root:Finish turn

DEBUG:root:Order:11 19 3
DEBUG:root:Order:14 19 3
DEBUG:root:Order:14 0 1
DEBUG:root:Finish turn

DEBUG:root:Order:11 0 2
DEBUG:root:Order:11 19 2
DEBUG:root:Finish turn

DEBUG:root:Order:14 22 3
DEBUG:root:Order:14 0 1
DEBUG:root:Order:14 19 1
DEBUG:root:Finish turn

DEBUG:root:Order:21 22 5
DEBUG:root:Order:11 22 4
DEBUG:root:Order:14 22 2
DEBUG:root:Order:0 22 1
DEBUG:root:Order:19 22 1
DEBUG:root:Finish turn

DEBUG:root:Order:11 19 1
DEBUG:root:Order:11 22 1
DEBUG:root:Finish turn

DEBUG:root:Order:11 19 1
DEBUG:root:Order:21 19 1
DEBUG:root:Finish turn

DEBUG:root:Order:11 14 2
DEBUG:root:Order:11 19 2
DEBUG:root:Order:21 19 1
DEBUG:root:Finish turn

DEBUG:root:Order:19 14 7
DEBUG:root:Order:21 14 7
DEBUG:root:Order:11 14 6
DEBUG:root:Finish turn

DEBUG:root:Order:11 0 9
DEBUG:root:Order:21 0 8
DEBUG:root:Order:14 0 7
DEBUG:root:Order:19 0 6
DEBUG:root:Finish turn

DEBUG:root:Order:14 11 7
DEBUG:root:Order:21 11 6
DEBUG:root:Order:19 11 4
DEBUG:root:Order:0 11 3
DEBUG:root:Finish turn

DEBUG:root:Order:11 0 1
DEBUG:root:Order:11 19 1
DEBUG:root:Finish turn

DEBUG:root:Order:14 21 3
DEBUG:root:Order:14 0 4
DEBUG:root:Finish turn

DEBUG:root:Order:0 21 11
DEBUG:root:Order:19 21 7
DEBUG:root:Finish turn

DEBUG:root:Order:21 0 1
DEBUG:root:Finish turn

DEBUG:root:Order:21 0 1
DEBUG:root:Finish turn

DEBUG:root:Order:21 0 1
DEBUG:root:Finish turn

DEBUG:root:Order:21 0 1
DEBUG:root:Finish turn

DEBUG:root:Order:21 0 1
DEBUG:root:Finish turn

DEBUG:root:Order:21 0 1
DEBUG:root:Finish turn

DEBUG:root:Order:21 0 1
DEBUG:root:Finish turn

DEBUG:root:Bad order:0 11.0 18
DEBUG:root:Finish turn

DEBUG:root:Bad order:0 13.0 17
DEBUG:root:Finish turn

DEBUG:root:Order:0 21 16
DEBUG:root:Finish turn

DEBUG:root:Finish turn

DEBUG:root:Order:21 0 1
DEBUG:root:Finish turn

DEBUG:root:Order:21 0 1
DEBUG:root:Finish turn

DEBUG:root:Finish turn

DEBUG:root:Finish turn

DEBUG:root:Finish turn

DEBUG:root:Finish turn

DEBUG:root:Finish turn

DEBUG:root:Finish turn

DEBUG:root:Finish turn

DEBUG:root:Finish turn

DEBUG:root:Finish turn

DEBUG:root:Finish turn

DEBUG:root:Finish turn

DEBUG:root:Finish turn

DEBUG:root:Finish turn

DEBUG:root:Finish turn

